<?xml version="1.0" encoding="UTF-8"?>
<testng-results ignored="0" total="1" passed="1" failed="0" skipped="0">
  <reporter-output>
    <line>
      <![CDATA[FirstItem Card Successfully Verified]]>
    </line>
    <line>
      <![CDATA[SecondItem Card Successfully Verified]]>
    </line>
    <line>
      <![CDATA[ThirdItem Card Successfully Verified]]>
    </line>
    <line>
      <![CDATA[FourthItem Card Successfully Verified]]>
    </line>
    <line>
      <![CDATA[Fifth Card Successfully Verified]]>
    </line>
    <line>
      <![CDATA[SixthItem Card Successfully Verified]]>
    </line>
    <line>
      <![CDATA[SeventhItem Card Successfully Verified]]>
    </line>
    <line>
      <![CDATA[EightItem Card Successfully Verified]]>
    </line>
    <line>
      <![CDATA[NinethItem Card Successfully Verified]]>
    </line>
    <line>
      <![CDATA[TenthItem Card Successfully Verified]]>
    </line>
    <line>
      <![CDATA[EleventhItem Card Successfully Verified]]>
    </line>
    <line>
      <![CDATA[E2E Tests Successful]]>
    </line>
  </reporter-output>
  <suite started-at="2024-03-04T11:30:54 GMT" name="com.teamrh.mobileApp.testSuite" finished-at="2024-03-04T11:31:14 GMT" duration-ms="19875">
    <groups>
    </groups>
    <test started-at="2024-03-04T11:30:54 GMT" name="automation-tests" finished-at="2024-03-04T11:31:14 GMT" duration-ms="19875">
      <class name="tests.testngTests.End2EndTests">
        <test-method is-config="true" signature="invokeAppium()[pri:0, instance:tests.testngTests.End2EndTests@2d901eb0]" started-at="2024-03-04T11:30:52 GMT" name="invokeAppium" finished-at="2024-03-04T11:30:54 GMT" duration-ms="1955" status="PASS">
          <reporter-output>
          </reporter-output>
        </test-method> <!-- invokeAppium -->
        <test-method is-config="true" signature="createDriver(java.lang.String,java.lang.reflect.Method)[pri:0, instance:tests.testngTests.End2EndTests@2d901eb0]" started-at="2024-03-04T11:30:54 GMT" name="createDriver" finished-at="2024-03-04T11:31:05 GMT" duration-ms="10983" status="PASS">
          <params>
            <param index="0">
              <value>
                <![CDATA[android]]>
              </value>
            </param>
            <param index="1">
              <value>
                <![CDATA[public void tests.testngTests.End2EndTests.EndToEndTests() throws java.lang.InterruptedException]]>
              </value>
            </param>
          </params>
          <reporter-output>
          </reporter-output>
        </test-method> <!-- createDriver -->
        <test-method is-config="true" signature="instantiateHelpers(java.lang.String)[pri:0, instance:tests.testngTests.End2EndTests@2d901eb0]" started-at="2024-03-04T11:31:05 GMT" name="instantiateHelpers" finished-at="2024-03-04T11:31:05 GMT" duration-ms="2" status="PASS">
          <params>
            <param index="0">
              <value>
                <![CDATA[android]]>
              </value>
            </param>
          </params>
          <reporter-output>
          </reporter-output>
        </test-method> <!-- instantiateHelpers -->
        <test-method signature="EndToEndTests()[pri:0, instance:tests.testngTests.End2EndTests@2d901eb0]" started-at="2024-03-04T11:31:05 GMT" name="EndToEndTests" finished-at="2024-03-04T11:31:13 GMT" duration-ms="8268" status="PASS">
          <reporter-output>
            <line>
              <![CDATA[FirstItem Card Successfully Verified]]>
            </line>
            <line>
              <![CDATA[SecondItem Card Successfully Verified]]>
            </line>
            <line>
              <![CDATA[ThirdItem Card Successfully Verified]]>
            </line>
            <line>
              <![CDATA[FourthItem Card Successfully Verified]]>
            </line>
            <line>
              <![CDATA[Fifth Card Successfully Verified]]>
            </line>
            <line>
              <![CDATA[SixthItem Card Successfully Verified]]>
            </line>
            <line>
              <![CDATA[SeventhItem Card Successfully Verified]]>
            </line>
            <line>
              <![CDATA[EightItem Card Successfully Verified]]>
            </line>
            <line>
              <![CDATA[NinethItem Card Successfully Verified]]>
            </line>
            <line>
              <![CDATA[TenthItem Card Successfully Verified]]>
            </line>
            <line>
              <![CDATA[EleventhItem Card Successfully Verified]]>
            </line>
            <line>
              <![CDATA[E2E Tests Successful]]>
            </line>
          </reporter-output>
        </test-method> <!-- EndToEndTests -->
        <test-method is-config="true" signature="teardown()[pri:0, instance:tests.testngTests.End2EndTests@2d901eb0]" started-at="2024-03-04T11:31:13 GMT" name="teardown" finished-at="2024-03-04T11:31:14 GMT" duration-ms="607" status="PASS">
          <reporter-output>
          </reporter-output>
        </test-method> <!-- teardown -->
        <test-method is-config="true" signature="stopAppium()[pri:0, instance:tests.testngTests.End2EndTests@2d901eb0]" started-at="2024-03-04T11:31:19 GMT" name="stopAppium" finished-at="2024-03-04T11:31:19 GMT" duration-ms="7" status="PASS">
          <reporter-output>
          </reporter-output>
        </test-method> <!-- stopAppium -->
      </class> <!-- tests.testngTests.End2EndTests -->
    </test> <!-- automation-tests -->
  </suite> <!-- com.teamrh.mobileApp.testSuite -->
</testng-results>
