<?xml version="1.0" encoding="UTF-8"?>
<testng-results ignored="0" total="1" passed="1" failed="0" skipped="0">
  <reporter-output>
  </reporter-output>
  <suite started-at="2024-02-23T20:51:33 GMT" name="com.teamrh.mobileApp.testSuite" finished-at="2024-02-23T20:51:41 GMT" duration-ms="7669">
    <groups>
    </groups>
    <test started-at="2024-02-23T20:51:33 GMT" name="automation-tests" finished-at="2024-02-23T20:51:41 GMT" duration-ms="7669">
      <class name="tests.testngTests.End2EndTests">
        <test-method is-config="true" signature="invokeAppium()[pri:0, instance:tests.testngTests.End2EndTests@6bbe85a8]" started-at="2024-02-23T20:51:28 GMT" name="invokeAppium" finished-at="2024-02-23T20:51:33 GMT" duration-ms="5394" status="PASS">
          <reporter-output>
          </reporter-output>
        </test-method> <!-- invokeAppium -->
        <test-method is-config="true" signature="createDriver(java.lang.String,java.lang.reflect.Method)[pri:0, instance:tests.testngTests.End2EndTests@6bbe85a8]" started-at="2024-02-23T20:51:33 GMT" name="createDriver" finished-at="2024-02-23T20:51:38 GMT" duration-ms="5545" status="PASS">
          <params>
            <param index="0">
              <value>
                <![CDATA[android]]>
              </value>
            </param>
            <param index="1">
              <value>
                <![CDATA[public void tests.testngTests.End2EndTests.EndToEndTests() throws java.lang.InterruptedException]]>
              </value>
            </param>
          </params>
          <reporter-output>
          </reporter-output>
        </test-method> <!-- createDriver -->
        <test-method is-config="true" signature="instantiateHelpers(java.lang.String)[pri:0, instance:tests.testngTests.End2EndTests@6bbe85a8]" started-at="2024-02-23T20:51:38 GMT" name="instantiateHelpers" finished-at="2024-02-23T20:51:38 GMT" duration-ms="2" status="PASS">
          <params>
            <param index="0">
              <value>
                <![CDATA[android]]>
              </value>
            </param>
          </params>
          <reporter-output>
          </reporter-output>
        </test-method> <!-- instantiateHelpers -->
        <test-method signature="EndToEndTests()[pri:0, instance:tests.testngTests.End2EndTests@6bbe85a8]" started-at="2024-02-23T20:51:38 GMT" name="EndToEndTests" finished-at="2024-02-23T20:51:40 GMT" duration-ms="1811" status="PASS">
          <reporter-output>
          </reporter-output>
        </test-method> <!-- EndToEndTests -->
        <test-method is-config="true" signature="teardown()[pri:0, instance:tests.testngTests.End2EndTests@6bbe85a8]" started-at="2024-02-23T20:51:40 GMT" name="teardown" finished-at="2024-02-23T20:51:41 GMT" duration-ms="297" status="PASS">
          <reporter-output>
          </reporter-output>
        </test-method> <!-- teardown -->
        <test-method is-config="true" signature="stopAppium()[pri:0, instance:tests.testngTests.End2EndTests@6bbe85a8]" started-at="2024-02-23T20:51:46 GMT" name="stopAppium" finished-at="2024-02-23T20:51:46 GMT" duration-ms="56" status="PASS">
          <reporter-output>
          </reporter-output>
        </test-method> <!-- stopAppium -->
      </class> <!-- tests.testngTests.End2EndTests -->
    </test> <!-- automation-tests -->
  </suite> <!-- com.teamrh.mobileApp.testSuite -->
</testng-results>
